<?xml version="1.0" encoding="UTF-8"?>
<testsuites name="Mocha Tests" time="0" tests="1" failures="1">
  <testsuite name="Root Suite" timestamp="2024-09-26T18:02:33" tests="0" file="cypress\e2e\1-getting-started\Web_Shop\apparels_&amp;_shoes_web_shop.cy.js" failures="0" time="0">
  </testsuite>
  <testsuite name="DEMO WEB SHOP" timestamp="2024-09-26T18:02:33" tests="1" failures="1" time="0">
    <testcase name="DEMO WEB SHOP ADICIONAR APPAREL &amp; SHOES NO CARRINHO E NA LISTA" time="0" classname="ADICIONAR APPAREL &amp; SHOES NO CARRINHO E NA LISTA">
      <failure message="Timed out retrying after 4000ms: Expected to find element: `:nth-child(8) &gt; .product-item &gt; .picture &gt; a &gt; img`, but never found it." type="AssertionError"><![CDATA[AssertionError: Timed out retrying after 4000ms: Expected to find element: `:nth-child(8) > .product-item > .picture > a > img`, but never found it.
    at Context.eval (webpack://Cypress_Automacao/./cypress/e2e/1-getting-started/Web_Shop/apparels_&_shoes_web_shop.cy.js:36:3)]]></failure>
    </testcase>
  </testsuite>
</testsuites>